# JRE version: OpenJDK Runtime Environment (11.0.4+11) (build 11.0.4+11-post-Ubuntu-1ubuntu218.04.3)
# Java VM: OpenJDK 64-Bit Server VM (11.0.4+11-post-Ubuntu-1ubuntu218.04.3, mixed mode, sharing, tiered, compressed oops, g1 gc, linux-amd64)
Heap:
 garbage-first heap   total 525312K, used 149880K [0x00000000c3c00000, 0x0000000100000000)
  region size 1024K, 2 young (2048K), 2 survivors (2048K)
 Metaspace       used 32557K, capacity 33139K, committed 33408K, reserved 1079296K
  class space    used 3657K, capacity 3862K, committed 3968K, reserved 1048576K
GC Heap History (10 events):
Event: 28,482 GC heap after
{Heap after GC invocations=49 (full 0):
 garbage-first heap   total 217088K, used 118136K [0x00000000c3c00000, 0x0000000100000000)
  region size 1024K, 7 young (7168K), 7 survivors (7168K)
 Metaspace       used 32532K, capacity 33133K, committed 33408K, reserved 1079296K
  class space    used 3657K, capacity 3861K, committed 3968K, reserved 1048576K
}
Event: 28,488 GC heap before
{Heap before GC invocations=49 (full 0):
 garbage-first heap   total 217088K, used 120184K [0x00000000c3c00000, 0x0000000100000000)
  region size 1024K, 10 young (10240K), 7 survivors (7168K)
 Metaspace       used 32532K, capacity 33133K, committed 33408K, reserved 1079296K
  class space    used 3657K, capacity 3861K, committed 3968K, reserved 1048576K
}
Event: 28,495 GC heap after
{Heap after GC invocations=50 (full 0):
 garbage-first heap   total 217088K, used 119418K [0x00000000c3c00000, 0x0000000100000000)
  region size 1024K, 2 young (2048K), 2 survivors (2048K)
 Metaspace       used 32532K, capacity 33133K, committed 33408K, reserved 1079296K
  class space    used 3657K, capacity 3861K, committed 3968K, reserved 1048576K
}
Event: 29,241 GC heap before
{Heap before GC invocations=51 (full 0):
 garbage-first heap   total 217088K, used 134778K [0x00000000c3c00000, 0x0000000100000000)
  region size 1024K, 18 young (18432K), 2 survivors (2048K)
 Metaspace       used 32557K, capacity 33139K, committed 33408K, reserved 1079296K
  class space    used 3657K, capacity 3862K, committed 3968K, reserved 1048576K
}
Event: 29,248 GC heap after
{Heap after GC invocations=52 (full 0):
 garbage-first heap   total 217088K, used 128453K [0x00000000c3c00000, 0x0000000100000000)
  region size 1024K, 3 young (3072K), 3 survivors (3072K)
 Metaspace       used 32557K, capacity 33139K, committed 33408K, reserved 1079296K
  class space    used 3657K, capacity 3862K, committed 3968K, reserved 1048576K
}
Event: 29,546 GC heap before
{Heap before GC invocations=52 (full 0):
 garbage-first heap   total 217088K, used 134597K [0x00000000c3c00000, 0x0000000100000000)
  region size 1024K, 10 young (10240K), 3 survivors (3072K)
 Metaspace       used 32557K, capacity 33139K, committed 33408K, reserved 1079296K
  class space    used 3657K, capacity 3862K, committed 3968K, reserved 1048576K
}
Event: 29,565 GC heap after
{Heap after GC invocations=53 (full 0):
 garbage-first heap   total 217088K, used 134008K [0x00000000c3c00000, 0x0000000100000000)
  region size 1024K, 2 young (2048K), 2 survivors (2048K)
 Metaspace       used 32557K, capacity 33139K, committed 33408K, reserved 1079296K
  class space    used 3657K, capacity 3862K, committed 3968K, reserved 1048576K
}
Event: 29,604 GC heap before
{Heap before GC invocations=53 (full 0):
 garbage-first heap   total 217088K, used 141176K [0x00000000c3c00000, 0x0000000100000000)
  region size 1024K, 10 young (10240K), 2 survivors (2048K)
 Metaspace       used 32557K, capacity 33139K, committed 33408K, reserved 1079296K
  class space    used 3657K, capacity 3862K, committed 3968K, reserved 1048576K
}
Event: 30,179 GC heap after
{Heap after GC invocations=54 (full 0):
 garbage-first heap   total 217088K, used 142200K [0x00000000c3c00000, 0x0000000100000000)
  region size 1024K, 2 young (2048K), 2 survivors (2048K)
 Metaspace       used 32557K, capacity 33139K, committed 33408K, reserved 1079296K
  class space    used 3657K, capacity 3862K, committed 3968K, reserved 1048576K
}
Event: 30,210 GC heap before
{Heap before GC invocations=54 (full 0):
 garbage-first heap   total 217088K, used 149368K [0x00000000c3c00000, 0x0000000100000000)
  region size 1024K, 10 young (10240K), 2 survivors (2048K)
 Metaspace       used 32557K, capacity 33139K, committed 33408K, reserved 1079296K
  class space    used 3657K, capacity 3862K, committed 3968K, reserved 1048576K
}

